<?xml version="1.0" encoding="UTF-8"?>
<!-- Generated by org.testng.reporters.JUnitReportReporter -->
<testsuite hostname="DESKTOP-M5FGJO2" failures="0" tests="3" name="com.testNG.EjemploTestNG" time="0.000" errors="0" timestamp="2022-03-01T08:48:23 COT" skipped="3">
  <testcase classname="com.testNG.EjemploTestNG" name="pruebaGuruTestNG" time="0.000">
    <skipped/>
  </testcase> <!-- pruebaGuruTestNG -->
  <system-out/>
  <testcase classname="com.testNG.EjemploTestNG" name="PruebaMLibre" time="0.000">
    <skipped/>
  </testcase> <!-- PruebaMLibre -->
  <system-out/>
  <testcase classname="com.testNG.EjemploTestNG" name="pruebaToolsQATestNG" time="0.000">
    <skipped/>
  </testcase> <!-- pruebaToolsQATestNG -->
  <system-out/>
</testsuite> <!-- com.testNG.EjemploTestNG -->
